<?xml version="1.0" encoding="UTF-8"?>
<!-- Generated by org.testng.reporters.JUnitXMLReporter -->
<testsuite hostname="VBOLLIMU-YJKRM" ignored="0" name="Default test" tests="3" failures="0" timestamp="2021-10-03T20:17:58 IST" time="38.249" errors="0">
  <testcase name="verifyTravelAgencyPageStatusCode" time="4.21" classname="testcases.InsuranceHomePageTest"/>
  <testcase name="verifyLogin" time="8.985" classname="testcases.InsuranceHomePageTest"/>
  <testcase name="validateReview" time="8.177" classname="testcases.InsuranceHomePageTest"/>
</testsuite> <!-- Default test -->
