<?xml version="1.0" encoding="UTF-8"?>
<!-- Generated by org.testng.reporters.JUnitXMLReporter -->
<testsuite hostname="VBOLLIMU-YJKRM" ignored="0" name="Default test" tests="8" failures="0" timestamp="2021-10-03T22:47:49 IST" time="45.791" errors="0">
  <testcase name="verifyTestInsurancePageStatusCode" time="13.742" classname="testcases.WHReviewTest"/>
  <testcase name="verifyLogin" time="8.8" classname="testcases.WHReviewTest"/>
  <testcase name="validateReview" time="3.091" classname="testcases.WHReviewTest"/>
  <testcase name="verifyReviewPageHeader" time="0.315" classname="testcases.WHReviewTest"/>
  <testcase name="validateDropdown" time="0.628" classname="testcases.WHReviewTest"/>
  <testcase name="validateDropdown" time="0.581" classname="testcases.WHReviewTest"/>
  <testcase name="verifyReviewContent" time="1.281" classname="testcases.WHReviewTest"/>
  <testcase name="verifySubmittedReview" time="13.484" classname="testcases.WHReviewTest"/>
</testsuite> <!-- Default test -->
